<?xml version="1.0" encoding="UTF-8"?>
<testsuite name="LoginTest"
           tests="1"
           failures="1"
           errors="0"
           skipped="0"
           time="4.515">
  <properties />
            <testcase name="loginTest" time="4.515" classname="com.avh.Testcases.LoginTest">
                <failure type="org.openqa.selenium.ElementClickInterceptedException"
                  message="element click intercepted: Element &lt;button class=&quot;btn blue&quot; id=&quot;nextbtn&quot; tabindex=&quot;2&quot; disabled=&quot;disabled&quot;&gt;...&lt;/button&gt; is not clickable at point (404, 370). Other element would receive the click: &lt;div class=&quot;blur_elem blur&quot;&gt;&lt;/div&gt;
  (Session info: chrome=81.0.4044.138)
Build info: version: &apos;3.11.0&apos;, revision: &apos;e59cfb3&apos;, time: &apos;2018-03-11T20:26:55.152Z&apos;
System info: host: &apos;Vishals-MacBook-Pro.local&apos;, ip: &apos;fe80:0:0:0:101f:144c:24e9:46e4%en0&apos;, os.name: &apos;Mac OS X&apos;, os.arch: &apos;x86_64&apos;, os.version: &apos;10.14.6&apos;, java.version: &apos;1.8.0_221&apos;
Driver info: org.openqa.selenium.chrome.ChromeDriver
Capabilities {acceptInsecureCerts: false, browserName: chrome, browserVersion: 81.0.4044.138, chrome: {chromedriverVersion: 80.0.3987.106 (f68069574609..., userDataDir: /var/folders/h2/l5rd01lx1wb...}, goog:chromeOptions: {debuggerAddress: localhost:53141}, javascriptEnabled: true, networkConnectionEnabled: false, pageLoadStrategy: normal, platform: MAC, platformName: MAC, proxy: Proxy(), setWindowRect: true, strictFileInteractability: false, timeouts: {implicit: 0, pageLoad: 300000, script: 30000}, unhandledPromptBehavior: dismiss and notify}
Session ID: 992bc945bcfe4b8414d3ff429f04bedc"
              >
<![CDATA[org.openqa.selenium.ElementClickInterceptedException: element click intercepted: Element <button class="btn blue" id="nextbtn" tabindex="2" disabled="disabled">...</button> is not clickable at point (404, 370). Other element would receive the click: <div class="blur_elem blur"></div>
  (Session info: chrome=81.0.4044.138)
Build info: version: '3.11.0', revision: 'e59cfb3', time: '2018-03-11T20:26:55.152Z'
System info: host: 'Vishals-MacBook-Pro.local', ip: 'fe80:0:0:0:101f:144c:24e9:46e4%en0', os.name: 'Mac OS X', os.arch: 'x86_64', os.version: '10.14.6', java.version: '1.8.0_221'
Driver info: org.openqa.selenium.chrome.ChromeDriver
Capabilities {acceptInsecureCerts: false, browserName: chrome, browserVersion: 81.0.4044.138, chrome: {chromedriverVersion: 80.0.3987.106 (f68069574609..., userDataDir: /var/folders/h2/l5rd01lx1wb...}, goog:chromeOptions: {debuggerAddress: localhost:53141}, javascriptEnabled: true, networkConnectionEnabled: false, pageLoadStrategy: normal, platform: MAC, platformName: MAC, proxy: Proxy(), setWindowRect: true, strictFileInteractability: false, timeouts: {implicit: 0, pageLoad: 300000, script: 30000}, unhandledPromptBehavior: dismiss and notify}
Session ID: 992bc945bcfe4b8414d3ff429f04bedc
  sun.reflect.NativeConstructorAccessorImpl.newInstance0(Native Method)
  sun.reflect.NativeConstructorAccessorImpl.newInstance(NativeConstructorAccessorImpl.java:62)
  sun.reflect.DelegatingConstructorAccessorImpl.newInstance(DelegatingConstructorAccessorImpl.java:45)
  java.lang.reflect.Constructor.newInstance(Constructor.java:423)
  org.openqa.selenium.remote.http.W3CHttpResponseCodec.createException(W3CHttpResponseCodec.java:187)
  org.openqa.selenium.remote.http.W3CHttpResponseCodec.decode(W3CHttpResponseCodec.java:122)
  org.openqa.selenium.remote.http.W3CHttpResponseCodec.decode(W3CHttpResponseCodec.java:49)
  org.openqa.selenium.remote.HttpCommandExecutor.execute(HttpCommandExecutor.java:158)
  org.openqa.selenium.remote.service.DriverCommandExecutor.execute(DriverCommandExecutor.java:83)
  org.openqa.selenium.remote.RemoteWebDriver.execute(RemoteWebDriver.java:545)
  org.openqa.selenium.remote.RemoteWebElement.execute(RemoteWebElement.java:279)
  org.openqa.selenium.remote.RemoteWebElement.click(RemoteWebElement.java:83)
  com.avh.Base.PageBase.click(PageBase.java:161)
  com.avh.Pages.LoginPage.doLogin(LoginPage.java:20)
  com.avh.Testcases.LoginTest.loginTest(LoginTest.java:23)
  sun.reflect.NativeMethodAccessorImpl.invoke0(Native Method)
  sun.reflect.NativeMethodAccessorImpl.invoke(NativeMethodAccessorImpl.java:62)
  sun.reflect.DelegatingMethodAccessorImpl.invoke(DelegatingMethodAccessorImpl.java:43)
  java.lang.reflect.Method.invoke(Method.java:498)
  org.testng.internal.MethodInvocationHelper.invokeMethod(MethodInvocationHelper.java:135)
  org.testng.internal.TestInvoker.invokeMethod(TestInvoker.java:598)
  org.testng.internal.TestInvoker.invokeTestMethod(TestInvoker.java:174)
  org.testng.internal.MethodRunner.runInSequence(MethodRunner.java:46)
  org.testng.internal.TestInvoker$MethodInvocationAgent.invoke(TestInvoker.java:821)
  org.testng.internal.TestInvoker.invokeTestMethods(TestInvoker.java:147)
  org.testng.internal.TestMethodWorker.invokeTestMethods(TestMethodWorker.java:146)
  org.testng.internal.TestMethodWorker.run(TestMethodWorker.java:128)
  java.util.ArrayList.forEach(ArrayList.java:1257)
  org.testng.TestRunner.privateRun(TestRunner.java:767)
  org.testng.TestRunner.run(TestRunner.java:588)
  org.testng.SuiteRunner.runTest(SuiteRunner.java:384)
  org.testng.SuiteRunner.runSequentially(SuiteRunner.java:378)
  org.testng.SuiteRunner.privateRun(SuiteRunner.java:337)
  org.testng.SuiteRunner.run(SuiteRunner.java:286)
  org.testng.SuiteRunnerWorker.runSuite(SuiteRunnerWorker.java:53)
  org.testng.SuiteRunnerWorker.run(SuiteRunnerWorker.java:96)
  org.testng.TestNG.runSuitesSequentially(TestNG.java:1214)
  org.testng.TestNG.runSuitesLocally(TestNG.java:1136)
  org.testng.TestNG.runSuites(TestNG.java:1066)
  org.testng.TestNG.run(TestNG.java:1034)
  org.testng.remote.AbstractRemoteTestNG.run(AbstractRemoteTestNG.java:115)
  org.testng.remote.RemoteTestNG.initAndRun(RemoteTestNG.java:251)
  org.testng.remote.RemoteTestNG.main(RemoteTestNG.java:77)
]]>
      </failure>

          </testcase>
  
  
  
</testsuite>
