<!DOCTYPE html PUBLIC "-//W3C//DTD XHTML 1.1//EN" "https://www.w3.org/TR/xhtml11/DTD/xhtml11.dtd">
<html xmlns="https://www.w3.org/1999/xhtml">
<head>
<meta http-equiv="content-type" content="text/html; charset=UTF-8"/>
<title>TestNG Report</title>
<style type="text/css">table {margin-bottom:10px;border-collapse:collapse;empty-cells:show}th,td {border:1px solid #009;padding:.25em .5em}th {vertical-align:bottom}td {vertical-align:top}table a {font-weight:bold}.stripe td {background-color: #E6EBF9}.num {text-align:right}.passedodd td {background-color: #3F3}.passedeven td {background-color: #0A0}.skippedodd td {background-color: #DDD}.skippedeven td {background-color: #CCC}.failedodd td,.attn {background-color: #F33}.failedeven td,.stripe .attn {background-color: #D00}.stacktrace {white-space:pre;font-family:monospace}.totop {font-size:85%;text-align:center;border-bottom:2px solid #000}.invisible {display:none}</style>
</head>
<body>
<table>
<tr><th>Test</th><th># Passed</th><th># Skipped</th><th># Retried</th><th># Failed</th><th>Time (ms)</th><th>Included Groups</th><th>Excluded Groups</th></tr>
<tr><th colspan="8">Page Object Model</th></tr>
<tr><td><a href="#t0">LoginTest</a></td><td class="num">0</td><td class="num">0</td><td class="num">0</td><td class="num attn">1</td><td class="num">5,345</td><td></td><td></td></tr>
<tr class="stripe"><td><a href="#t1">Go To Account Test</a></td><td class="num">0</td><td class="num">0</td><td class="num">0</td><td class="num attn">1</td><td class="num">10,332</td><td></td><td></td></tr>
<tr><th>Total</th><th class="num">0</th><th class="num">0</th><th class="num">0</th><th class="num attn">2</th><th class="num">15,677</th><th colspan="2"></th></tr>
</table>
<table id='summary'><thead><tr><th>Class</th><th>Method</th><th>Start</th><th>Time (ms)</th></tr></thead><tbody><tr><th colspan="4">Page Object Model</th></tr></tbody><tbody id="t0"><tr><th colspan="4">LoginTest &#8212; failed</th></tr><tr class="failedeven"><td rowspan="1">com.avh.Testcases.LoginTest</td><td><a href="#m0">loginTest</a></td><td rowspan="1">1588908417564</td><td rowspan="1">4515</td></tr></tbody>
<tbody id="t1"><tr><th colspan="4">Go To Account Test &#8212; failed</th></tr><tr class="failedeven"><td rowspan="1">com.avh.Testcases.GoToAccountTest</td><td><a href="#m1">goToAccountTest</a></td><td rowspan="1">1588908422869</td><td rowspan="1">10013</td></tr></tbody>
</table>
<h2>LoginTest</h2><h3 id="m0">com.avh.Testcases.LoginTest#loginTest</h3><table class="result"><tr class="param"><th>Parameter #1</th></tr><tr class="param stripe"><td>{password=Testing@12345, runmode=Y, username=vponline123@icloud.com}</td></tr><tr><th>Messages</th></tr><tr><td><div class="messages">Capturing screenshot<br/>Click to see Screenshot<br/><a target="_blank" href=Fri_May_08_13_27_02_AEST_2020.jpg>Screenshot</a><br/><br><br/><br><br/><a target ="_blank" href=Fri_May_08_13_27_02_AEST_2020.jpg><img src =Fri_May_08_13_27_02_AEST_2020.jpg height=200 width = 200> </img></a></div></td></tr><tr><th>Exception</th></tr><tr><td><div class="stacktrace">org.openqa.selenium.ElementClickInterceptedException: element click intercepted: Element &lt;button class=&quot;btn blue&quot; id=&quot;nextbtn&quot; tabindex=&quot;2&quot; disabled=&quot;disabled&quot;&gt;...&lt;/button&gt; is not clickable at point (404, 370). Other element would receive the click: &lt;div class=&quot;blur_elem blur&quot;&gt;&lt;/div&gt;
  (Session info: chrome=81.0.4044.138)
Build info: version: &apos;3.11.0&apos;, revision: &apos;e59cfb3&apos;, time: &apos;2018-03-11T20:26:55.152Z&apos;
System info: host: &apos;Vishals-MacBook-Pro.local&apos;, ip: &apos;fe80:0:0:0:101f:144c:24e9:46e4%en0&apos;, os.name: &apos;Mac OS X&apos;, os.arch: &apos;x86_64&apos;, os.version: &apos;10.14.6&apos;, java.version: &apos;1.8.0_221&apos;
Driver info: org.openqa.selenium.chrome.ChromeDriver
Capabilities {acceptInsecureCerts: false, browserName: chrome, browserVersion: 81.0.4044.138, chrome: {chromedriverVersion: 80.0.3987.106 (f68069574609..., userDataDir: /var/folders/h2/l5rd01lx1wb...}, goog:chromeOptions: {debuggerAddress: localhost:53141}, javascriptEnabled: true, networkConnectionEnabled: false, pageLoadStrategy: normal, platform: MAC, platformName: MAC, proxy: Proxy(), setWindowRect: true, strictFileInteractability: false, timeouts: {implicit: 0, pageLoad: 300000, script: 30000}, unhandledPromptBehavior: dismiss and notify}
Session ID: 992bc945bcfe4b8414d3ff429f04bedc
	at org.openqa.selenium.remote.http.W3CHttpResponseCodec.createException(W3CHttpResponseCodec.java:187)
	at org.openqa.selenium.remote.http.W3CHttpResponseCodec.decode(W3CHttpResponseCodec.java:122)
	at org.openqa.selenium.remote.http.W3CHttpResponseCodec.decode(W3CHttpResponseCodec.java:49)
	at org.openqa.selenium.remote.HttpCommandExecutor.execute(HttpCommandExecutor.java:158)
	at org.openqa.selenium.remote.service.DriverCommandExecutor.execute(DriverCommandExecutor.java:83)
	at org.openqa.selenium.remote.RemoteWebDriver.execute(RemoteWebDriver.java:545)
	at org.openqa.selenium.remote.RemoteWebElement.execute(RemoteWebElement.java:279)
	at org.openqa.selenium.remote.RemoteWebElement.click(RemoteWebElement.java:83)
	at com.avh.Base.PageBase.click(PageBase.java:161)
	at com.avh.Pages.LoginPage.doLogin(LoginPage.java:20)
	at com.avh.Testcases.LoginTest.loginTest(LoginTest.java:23)
	at java.util.ArrayList.forEach(ArrayList.java:1257)
... Removed 31 stack frames</div></td></tr></table><p class="totop"><a href="#summary">back to summary</a></p>
<h2>Go To Account Test</h2><h3 id="m1">com.avh.Testcases.GoToAccountTest#goToAccountTest</h3><table class="result"><tr><th>Messages</th></tr><tr><td><div class="messages">Capturing screenshot<br/>Click to see Screenshot<br/><a target="_blank" href=Fri_May_08_13_27_13_AEST_2020.jpg>Screenshot</a><br/><br><br/><br><br/><a target ="_blank" href=Fri_May_08_13_27_13_AEST_2020.jpg><img src =Fri_May_08_13_27_13_AEST_2020.jpg height=200 width = 200> </img></a></div></td></tr><tr><th>Exception</th></tr><tr><td><div class="stacktrace">org.openqa.selenium.NoSuchElementException: no such element: Unable to locate element: {&quot;method&quot;:&quot;xpath&quot;,&quot;selector&quot;:&quot;//div[contains(text(),&apos;CRM&apos;)]&quot;}
  (Session info: chrome=81.0.4044.138)
For documentation on this error, please visit: http://seleniumhq.org/exceptions/no_such_element.html
Build info: version: &apos;3.11.0&apos;, revision: &apos;e59cfb3&apos;, time: &apos;2018-03-11T20:26:55.152Z&apos;
System info: host: &apos;Vishals-MacBook-Pro.local&apos;, ip: &apos;fe80:0:0:0:101f:144c:24e9:46e4%en0&apos;, os.name: &apos;Mac OS X&apos;, os.arch: &apos;x86_64&apos;, os.version: &apos;10.14.6&apos;, java.version: &apos;1.8.0_221&apos;
Driver info: org.openqa.selenium.chrome.ChromeDriver
Capabilities {acceptInsecureCerts: false, browserName: chrome, browserVersion: 81.0.4044.138, chrome: {chromedriverVersion: 80.0.3987.106 (f68069574609..., userDataDir: /var/folders/h2/l5rd01lx1wb...}, goog:chromeOptions: {debuggerAddress: localhost:53141}, javascriptEnabled: true, networkConnectionEnabled: false, pageLoadStrategy: normal, platform: MAC, platformName: MAC, proxy: Proxy(), setWindowRect: true, strictFileInteractability: false, timeouts: {implicit: 0, pageLoad: 300000, script: 30000}, unhandledPromptBehavior: dismiss and notify}
Session ID: 992bc945bcfe4b8414d3ff429f04bedc
*** Element info: {Using=xpath, value=//div[contains(text(),&apos;CRM&apos;)]}
	at org.openqa.selenium.remote.http.W3CHttpResponseCodec.createException(W3CHttpResponseCodec.java:187)
	at org.openqa.selenium.remote.http.W3CHttpResponseCodec.decode(W3CHttpResponseCodec.java:122)
	at org.openqa.selenium.remote.http.W3CHttpResponseCodec.decode(W3CHttpResponseCodec.java:49)
	at org.openqa.selenium.remote.HttpCommandExecutor.execute(HttpCommandExecutor.java:158)
	at org.openqa.selenium.remote.service.DriverCommandExecutor.execute(DriverCommandExecutor.java:83)
	at org.openqa.selenium.remote.RemoteWebDriver.execute(RemoteWebDriver.java:545)
	at org.openqa.selenium.remote.RemoteWebDriver.findElement(RemoteWebDriver.java:319)
	at org.openqa.selenium.remote.RemoteWebDriver.findElementByXPath(RemoteWebDriver.java:421)
	at org.openqa.selenium.By$ByXPath.findElement(By.java:361)
	at org.openqa.selenium.remote.RemoteWebDriver.findElement(RemoteWebDriver.java:311)
	at com.avh.Base.PageBase.click(PageBase.java:161)
	at com.avh.Pages.ZohoAppPage.goToCrm(ZohoAppPage.java:20)
	at com.avh.Testcases.GoToAccountTest.goToAccountTest(GoToAccountTest.java:22)
	at java.util.ArrayList.forEach(ArrayList.java:1257)
... Removed 31 stack frames</div></td></tr></table><p class="totop"><a href="#summary">back to summary</a></p>
</body>
</html>
